{
  "0 debug pnpm:scope": {
    "selected": 1
  },
  "1 error pnpm": {
    "message": {
      "errno": 1,
      "code": "ELIFECYCLE",
      "pkgid": "@",
      "stage": "start",
      "script": "node server.js"
    },
    "err": {
      "name": "Error",
      "message": "@ start: `node server.js`\nExit status 1",
      "code": "ELIFECYCLE",
      "stack": "Error: @ start: `node server.js`\nExit status 1\n    at EventEmitter.<anonymous> (/home/alex/.nvm/versions/node/v13.1.0/pnpm-global/3/node_modules/.pnpm/registry.npmjs.org/pnpm/4.7.2/node_modules/pnpm/lib/node_modules/@zkochan/npm-lifecycle/index.js:302:16)\n    at EventEmitter.emit (events.js:210:5)\n    at ChildProcess.<anonymous> (/home/alex/.nvm/versions/node/v13.1.0/pnpm-global/3/node_modules/.pnpm/registry.npmjs.org/pnpm/4.7.2/node_modules/pnpm/lib/node_modules/@zkochan/npm-lifecycle/lib/spawn.js:55:14)\n    at ChildProcess.emit (events.js:210:5)\n    at maybeClose (internal/child_process.js:1028:16)\n    at Process.ChildProcess._handle.onexit (internal/child_process.js:283:5)"
    }
  }
}