{
  "0 debug pnpm:scope": {
    "selected": 1
  },
  "1 error pnpm": {
    "message": {
      "errno": 2,
      "code": "ELIFECYCLE",
      "pkgid": "camasutra-project@0.1.0",
      "stage": "prettier",
      "script": "prettier --single-quote --use-tabs --trailing-comma es5 --write \"./src/**/js/*.js\"",
      "pkgname": "camasutra-project"
    },
    "err": {
      "name": "Error",
      "message": "camasutra-project@0.1.0 prettier: `prettier --single-quote --use-tabs --trailing-comma es5 --write \"./src/**/js/*.js\"`\nExit status 2",
      "code": "ELIFECYCLE",
      "stack": "Error: camasutra-project@0.1.0 prettier: `prettier --single-quote --use-tabs --trailing-comma es5 --write \"./src/**/js/*.js\"`\nExit status 2\n    at EventEmitter.<anonymous> (/home/alex/.nvm/versions/node/v13.1.0/pnpm-global/3/node_modules/.pnpm/registry.npmjs.org/pnpm/4.13.0/node_modules/pnpm/lib/node_modules/@zkochan/npm-lifecycle/index.js:302:16)\n    at EventEmitter.emit (events.js:210:5)\n    at ChildProcess.<anonymous> (/home/alex/.nvm/versions/node/v13.1.0/pnpm-global/3/node_modules/.pnpm/registry.npmjs.org/pnpm/4.13.0/node_modules/pnpm/lib/node_modules/@zkochan/npm-lifecycle/lib/spawn.js:55:14)\n    at ChildProcess.emit (events.js:210:5)\n    at maybeClose (internal/child_process.js:1028:16)\n    at Process.ChildProcess._handle.onexit (internal/child_process.js:283:5)"
    }
  }
}